<?xml version="1.0" encoding="UTF-8"?>
<coverage generated="1652234083988" clover="3.2.0">
  <project timestamp="1652234083989" name="All files">
    <metrics statements="19" coveredstatements="17" conditionals="10" coveredconditionals="6" methods="4" coveredmethods="4" elements="33" coveredelements="27" complexity="0" loc="19" ncloc="19" packages="2" files="2" classes="2"/>
    <package name="server.handlers">
      <metrics statements="14" coveredstatements="12" conditionals="0" coveredconditionals="0" methods="2" coveredmethods="2"/>
      <file name="date.js" path="E:\Robbi\Project\FWD Course\VS Code\VS Code - Testing\Assigment\Day 39 - 1\server\handlers\date.js">
        <metrics statements="14" coveredstatements="12" conditionals="0" coveredconditionals="0" methods="2" coveredmethods="2"/>
        <line num="1" count="4" type="stmt"/>
        <line num="5" count="4" type="stmt"/>
        <line num="7" count="2" type="stmt"/>
        <line num="8" count="2" type="stmt"/>
        <line num="10" count="2" type="stmt"/>
        <line num="16" count="0" type="stmt"/>
        <line num="21" count="2" type="stmt"/>
        <line num="27" count="4" type="stmt"/>
        <line num="29" count="2" type="stmt"/>
        <line num="30" count="2" type="stmt"/>
        <line num="32" count="2" type="stmt"/>
        <line num="38" count="0" type="stmt"/>
        <line num="43" count="2" type="stmt"/>
        <line num="49" count="4" type="stmt"/>
      </file>
    </package>
    <package name="storage.models">
      <metrics statements="5" coveredstatements="5" conditionals="10" coveredconditionals="6" methods="2" coveredmethods="2"/>
      <file name="date.model.js" path="E:\Robbi\Project\FWD Course\VS Code\VS Code - Testing\Assigment\Day 39 - 1\storage\models\date.model.js">
        <metrics statements="5" coveredstatements="5" conditionals="10" coveredconditionals="6" methods="2" coveredmethods="2"/>
        <line num="3" count="1" type="stmt"/>
        <line num="7" count="1" type="cond" truecount="3" falsecount="1"/>
        <line num="16" count="1" type="stmt"/>
        <line num="20" count="1" type="cond" truecount="3" falsecount="3"/>
        <line num="27" count="2" type="stmt"/>
      </file>
    </package>
  </project>
</coverage>
