{"E:\\Robbi\\Project\\FWD Course\\VS Code\\VS Code - Testing\\Assigment\\Day 39 - 1\\server\\handlers\\date.js": {"path":"E:\\Robbi\\Project\\FWD Course\\VS Code\\VS Code - Testing\\Assigment\\Day 39 - 1\\server\\handlers\\date.js","statementMap":{"0":{"start":{"line":1,"column":18},"end":{"line":1,"column":60}},"1":{"start":{"line":5,"column":13},"end":{"line":23,"column":1}},"2":{"start":{"line":7,"column":4},"end":{"line":22,"column":5}},"3":{"start":{"line":8,"column":23},"end":{"line":8,"column":50}},"4":{"start":{"line":10,"column":8},"end":{"line":13,"column":11}},"5":{"start":{"line":16,"column":8},"end":{"line":19,"column":11}},"6":{"start":{"line":21,"column":8},"end":{"line":21,"column":18}},"7":{"start":{"line":27,"column":17},"end":{"line":45,"column":1}},"8":{"start":{"line":29,"column":4},"end":{"line":44,"column":5}},"9":{"start":{"line":30,"column":23},"end":{"line":30,"column":49}},"10":{"start":{"line":32,"column":8},"end":{"line":35,"column":11}},"11":{"start":{"line":38,"column":8},"end":{"line":41,"column":11}},"12":{"start":{"line":43,"column":8},"end":{"line":43,"column":18}},"13":{"start":{"line":49,"column":0},"end":{"line":52,"column":2}}},"fnMap":{"0":{"name":"(anonymous_0)","decl":{"start":{"line":5,"column":13},"end":{"line":5,"column":14}},"loc":{"start":{"line":5,"column":33},"end":{"line":23,"column":1}},"line":5},"1":{"name":"(anonymous_1)","decl":{"start":{"line":27,"column":17},"end":{"line":27,"column":18}},"loc":{"start":{"line":27,"column":37},"end":{"line":45,"column":1}},"line":27}},"branchMap":{},"s":{"0":4,"1":4,"2":2,"3":2,"4":2,"5":0,"6":2,"7":4,"8":2,"9":2,"10":2,"11":0,"12":2,"13":4},"f":{"0":2,"1":2},"b":{},"_coverageSchema":"1a1c01bbd47fc00a2c39e90264f33305004495a9","hash":"a95386bcc8b94bc37c6430ef0b2c06680b88d5bd"}
,"E:\\Robbi\\Project\\FWD Course\\VS Code\\VS Code - Testing\\Assigment\\Day 39 - 1\\storage\\models\\date.model.js": {"path":"E:\\Robbi\\Project\\FWD Course\\VS Code\\VS Code - Testing\\Assigment\\Day 39 - 1\\storage\\models\\date.model.js","statementMap":{"0":{"start":{"line":3,"column":16},"end":{"line":3,"column":35}},"1":{"start":{"line":7,"column":4},"end":{"line":7,"column":53}},"2":{"start":{"line":16,"column":19},"end":{"line":16,"column":43}},"3":{"start":{"line":20,"column":4},"end":{"line":20,"column":98}},"4":{"start":{"line":27,"column":0},"end":{"line":30,"column":2}}},"fnMap":{"0":{"name":"isWeekend","decl":{"start":{"line":1,"column":9},"end":{"line":1,"column":18}},"loc":{"start":{"line":1,"column":21},"end":{"line":8,"column":1}},"line":1},"1":{"name":"leapYear","decl":{"start":{"line":14,"column":9},"end":{"line":14,"column":17}},"loc":{"start":{"line":14,"column":20},"end":{"line":21,"column":1}},"line":14}},"branchMap":{"0":{"loc":{"start":{"line":7,"column":11},"end":{"line":7,"column":52}},"type":"cond-expr","locations":[{"start":{"line":7,"column":40},"end":{"line":7,"column":44}},{"start":{"line":7,"column":47},"end":{"line":7,"column":52}}],"line":7},"1":{"loc":{"start":{"line":7,"column":11},"end":{"line":7,"column":37}},"type":"binary-expr","locations":[{"start":{"line":7,"column":11},"end":{"line":7,"column":22}},{"start":{"line":7,"column":26},"end":{"line":7,"column":37}}],"line":7},"2":{"loc":{"start":{"line":20,"column":11},"end":{"line":20,"column":97}},"type":"cond-expr","locations":[{"start":{"line":20,"column":31},"end":{"line":20,"column":89}},{"start":{"line":20,"column":93},"end":{"line":20,"column":97}}],"line":20},"3":{"loc":{"start":{"line":20,"column":31},"end":{"line":20,"column":89}},"type":"cond-expr","locations":[{"start":{"line":20,"column":51},"end":{"line":20,"column":80}},{"start":{"line":20,"column":84},"end":{"line":20,"column":89}}],"line":20},"4":{"loc":{"start":{"line":20,"column":51},"end":{"line":20,"column":80}},"type":"cond-expr","locations":[{"start":{"line":20,"column":68},"end":{"line":20,"column":73}},{"start":{"line":20,"column":76},"end":{"line":20,"column":80}}],"line":20}},"s":{"0":1,"1":1,"2":1,"3":1,"4":2},"f":{"0":1,"1":1},"b":{"0":[0,1],"1":[1,1],"2":[1,0],"3":[1,0],"4":[1,0]},"_coverageSchema":"1a1c01bbd47fc00a2c39e90264f33305004495a9","hash":"f2ee5864d20f71b35af38897352e8a60e7d38248"}
}
