{"E:\\Robbi\\Project\\FWD Course\\VS Code\\VS Code - Testing\\Assigment\\Day 39 - 1\\server\\handlers\\date.js": {"path":"E:\\Robbi\\Project\\FWD Course\\VS Code\\VS Code - Testing\\Assigment\\Day 39 - 1\\server\\handlers\\date.js","statementMap":{"0":{"start":{"line":1,"column":18},"end":{"line":1,"column":60}},"1":{"start":{"line":5,"column":13},"end":{"line":22,"column":1}},"2":{"start":{"line":6,"column":4},"end":{"line":21,"column":5}},"3":{"start":{"line":7,"column":23},"end":{"line":7,"column":50}},"4":{"start":{"line":8,"column":8},"end":{"line":8,"column":28}},"5":{"start":{"line":10,"column":8},"end":{"line":13,"column":11}},"6":{"start":{"line":15,"column":8},"end":{"line":18,"column":11}},"7":{"start":{"line":20,"column":8},"end":{"line":20,"column":18}},"8":{"start":{"line":26,"column":17},"end":{"line":46,"column":1}},"9":{"start":{"line":28,"column":4},"end":{"line":45,"column":5}},"10":{"start":{"line":29,"column":23},"end":{"line":29,"column":49}},"11":{"start":{"line":31,"column":8},"end":{"line":31,"column":28}},"12":{"start":{"line":33,"column":8},"end":{"line":36,"column":11}},"13":{"start":{"line":39,"column":8},"end":{"line":42,"column":11}},"14":{"start":{"line":44,"column":8},"end":{"line":44,"column":18}},"15":{"start":{"line":50,"column":0},"end":{"line":53,"column":2}}},"fnMap":{"0":{"name":"(anonymous_0)","decl":{"start":{"line":5,"column":13},"end":{"line":5,"column":14}},"loc":{"start":{"line":5,"column":31},"end":{"line":22,"column":1}},"line":5},"1":{"name":"(anonymous_1)","decl":{"start":{"line":26,"column":17},"end":{"line":26,"column":18}},"loc":{"start":{"line":26,"column":35},"end":{"line":46,"column":1}},"line":26}},"branchMap":{},"s":{"0":4,"1":4,"2":2,"3":2,"4":2,"5":2,"6":0,"7":2,"8":4,"9":2,"10":2,"11":2,"12":2,"13":0,"14":2,"15":4},"f":{"0":2,"1":2},"b":{},"_coverageSchema":"1a1c01bbd47fc00a2c39e90264f33305004495a9","hash":"a2b042a9efadff699455b3b2185f1248cc45f687"}
,"E:\\Robbi\\Project\\FWD Course\\VS Code\\VS Code - Testing\\Assigment\\Day 39 - 1\\storage\\models\\date.model.js": {"path":"E:\\Robbi\\Project\\FWD Course\\VS Code\\VS Code - Testing\\Assigment\\Day 39 - 1\\storage\\models\\date.model.js","statementMap":{"0":{"start":{"line":3,"column":16},"end":{"line":3,"column":35}},"1":{"start":{"line":5,"column":4},"end":{"line":5,"column":37}},"2":{"start":{"line":7,"column":4},"end":{"line":7,"column":51}},"3":{"start":{"line":16,"column":19},"end":{"line":16,"column":43}},"4":{"start":{"line":19,"column":4},"end":{"line":19,"column":26}},"5":{"start":{"line":22,"column":4},"end":{"line":22,"column":98}},"6":{"start":{"line":29,"column":0},"end":{"line":32,"column":2}}},"fnMap":{"0":{"name":"isWeekend","decl":{"start":{"line":1,"column":9},"end":{"line":1,"column":18}},"loc":{"start":{"line":1,"column":21},"end":{"line":8,"column":1}},"line":1},"1":{"name":"leapYear","decl":{"start":{"line":14,"column":9},"end":{"line":14,"column":17}},"loc":{"start":{"line":14,"column":20},"end":{"line":23,"column":1}},"line":14}},"branchMap":{"0":{"loc":{"start":{"line":7,"column":11},"end":{"line":7,"column":50}},"type":"cond-expr","locations":[{"start":{"line":7,"column":38},"end":{"line":7,"column":42}},{"start":{"line":7,"column":45},"end":{"line":7,"column":50}}],"line":7},"1":{"loc":{"start":{"line":7,"column":11},"end":{"line":7,"column":35}},"type":"binary-expr","locations":[{"start":{"line":7,"column":11},"end":{"line":7,"column":21}},{"start":{"line":7,"column":25},"end":{"line":7,"column":35}}],"line":7},"2":{"loc":{"start":{"line":22,"column":11},"end":{"line":22,"column":97}},"type":"cond-expr","locations":[{"start":{"line":22,"column":31},"end":{"line":22,"column":89}},{"start":{"line":22,"column":93},"end":{"line":22,"column":97}}],"line":22},"3":{"loc":{"start":{"line":22,"column":31},"end":{"line":22,"column":89}},"type":"cond-expr","locations":[{"start":{"line":22,"column":51},"end":{"line":22,"column":80}},{"start":{"line":22,"column":84},"end":{"line":22,"column":89}}],"line":22},"4":{"loc":{"start":{"line":22,"column":51},"end":{"line":22,"column":80}},"type":"cond-expr","locations":[{"start":{"line":22,"column":68},"end":{"line":22,"column":73}},{"start":{"line":22,"column":76},"end":{"line":22,"column":80}}],"line":22}},"s":{"0":2,"1":2,"2":2,"3":2,"4":2,"5":2,"6":4},"f":{"0":2,"1":2},"b":{"0":[1,1],"1":[2,1],"2":[2,0],"3":[2,0],"4":[1,1]},"_coverageSchema":"1a1c01bbd47fc00a2c39e90264f33305004495a9","hash":"89617d2c2368f4f04122ace0c022db70c090145f"}
}
