TN:
SF:server\handlers\date.js
FN:5,(anonymous_0)
FN:26,(anonymous_1)
FNF:2
FNH:2
FNDA:2,(anonymous_0)
FNDA:2,(anonymous_1)
DA:1,4
DA:5,4
DA:6,2
DA:7,2
DA:8,2
DA:10,2
DA:15,0
DA:20,2
DA:26,4
DA:28,2
DA:29,2
DA:31,2
DA:33,2
DA:39,0
DA:44,2
DA:50,4
LF:16
LH:14
BRF:0
BRH:0
end_of_record
TN:
SF:storage\models\date.model.js
FN:1,isWeekend
FN:14,leapYear
FNF:2
FNH:2
FNDA:2,isWeekend
FNDA:2,leapYear
DA:3,2
DA:5,2
DA:7,2
DA:16,2
DA:19,2
DA:22,2
DA:29,4
LF:7
LH:7
BRDA:7,0,0,1
BRDA:7,0,1,1
BRDA:7,1,0,2
BRDA:7,1,1,1
BRDA:22,2,0,2
BRDA:22,2,1,0
BRDA:22,3,0,2
BRDA:22,3,1,0
BRDA:22,4,0,1
BRDA:22,4,1,1
BRF:10
BRH:8
end_of_record
