TN:
SF:server\handlers\date.js
FN:5,(anonymous_0)
FN:27,(anonymous_1)
FNF:2
FNH:2
FNDA:2,(anonymous_0)
FNDA:2,(anonymous_1)
DA:1,4
DA:5,4
DA:7,2
DA:8,2
DA:10,2
DA:16,0
DA:21,2
DA:27,4
DA:29,2
DA:30,2
DA:32,2
DA:38,0
DA:43,2
DA:49,4
LF:14
LH:12
BRF:0
BRH:0
end_of_record
TN:
SF:storage\models\date.model.js
FN:1,isWeekend
FN:14,leapYear
FNF:2
FNH:2
FNDA:1,isWeekend
FNDA:1,leapYear
DA:3,1
DA:7,1
DA:16,1
DA:20,1
DA:27,2
LF:5
LH:5
BRDA:7,0,0,0
BRDA:7,0,1,1
BRDA:7,1,0,1
BRDA:7,1,1,1
BRDA:20,2,0,1
BRDA:20,2,1,0
BRDA:20,3,0,1
BRDA:20,3,1,0
BRDA:20,4,0,1
BRDA:20,4,1,0
BRF:10
BRH:6
end_of_record
